<?xml version="1.0" encoding="utf-8"?><testsuites><testsuite name="pytest" errors="0" failures="0" skipped="0" tests="4" time="0.093" timestamp="2025-07-25T20:31:55.208564" hostname="DESKTOP-0JSB30F"><testcase classname="tests.test_login" name="test_add_function" time="0.002" /><testcase classname="tests.test_login" name="test_subtract_function" time="0.001" /><testcase classname="tests.test_login" name="test_multiply_function" time="0.001" /><testcase classname="tests.test_login" name="test_divide_function" time="0.003" /></testsuite></testsuites>